f =    1.0000e+03
R1 =    1.0195e+03
R2 =    2.0505e+03
R3 =    3.0929e+03
R4 =    4.1284e+03
R5 =    3.0664e+03
R6 =    2.0125e+03
R7 =    1.0050e+03
G1 =    9.8088e-04
G2 =    4.8768e-04
G3 =    3.2333e-04
G4 =    2.4223e-04
G5 =    3.2612e-04
G6 =    4.9688e-04
G7 =    9.9500e-04
Vs =    5.2420e+00
C =    1.0191e-06
Kb =    7.2319e-03
Kd =    8.1282e+03
Nos_A =

 Columns 1 through 6:

   0.0000e+00   0.0000e+00   1.0000e+00   0.0000e+00   0.0000e+00   0.0000e+00
  -1.0000e+00   0.0000e+00   0.0000e+00   1.0000e+00   0.0000e+00  -1.0000e+00
   7.2319e-03   0.0000e+00   0.0000e+00   0.0000e+00   0.0000e+00   0.0000e+00
   0.0000e+00  -1.0000e+00   0.0000e+00   0.0000e+00   0.0000e+00   0.0000e+00
   0.0000e+00  -1.0000e+00   0.0000e+00   0.0000e+00   0.0000e+00   1.0000e+00
   0.0000e+00   0.0000e+00   0.0000e+00   0.0000e+00   0.0000e+00   0.0000e+00
   0.0000e+00   0.0000e+00   0.0000e+00   0.0000e+00   0.0000e+00   0.0000e+00
   0.0000e+00   0.0000e+00  -9.8088e-04   1.7919e-03  -4.8768e-04  -3.2333e-04
   0.0000e+00   0.0000e+00   0.0000e+00  -7.7195e-03   4.8768e-04   7.2319e-03
   0.0000e+00   0.0000e+00   0.0000e+00   7.2319e-03   0.0000e+00  -7.5580e-03
   0.0000e+00   0.0000e+00   0.0000e+00   0.0000e+00   0.0000e+00   0.0000e+00
   0.0000e+00   0.0000e+00   9.8088e-04  -9.8088e-04   0.0000e+00  -2.4223e-04

 Columns 7 through 12:

   0.0000e+00   0.0000e+00   0.0000e+00   0.0000e+00   0.0000e+00   0.0000e+00
   0.0000e+00   0.0000e+00   0.0000e+00   0.0000e+00   0.0000e+00   0.0000e+00
   0.0000e+00   0.0000e+00   0.0000e+00  -1.0000e+00   0.0000e+00   0.0000e+00
   0.0000e+00   0.0000e+00   0.0000e+00   0.0000e+00   0.0000e+00   8.1282e+03
   0.0000e+00   0.0000e+00  -1.0000e+00   0.0000e+00   0.0000e+00   0.0000e+00
   0.0000e+00  -4.9688e-04   0.0000e+00   0.0000e+00   0.0000e+00  -1.0000e+00
   0.0000e+00   0.0000e+00   0.0000e+00   0.0000e+00   1.0000e+00   0.0000e+00
   0.0000e+00   0.0000e+00   0.0000e+00   0.0000e+00   0.0000e+00   0.0000e+00
   0.0000e+00   0.0000e+00   0.0000e+00   0.0000e+00   0.0000e+00   0.0000e+00
   3.2612e-04   0.0000e+00   0.0000e+00   0.0000e+00   0.0000e+00   0.0000e+00
   0.0000e+00   1.4919e-03  -9.9500e-04   0.0000e+00   0.0000e+00   0.0000e+00
   0.0000e+00   0.0000e+00   0.0000e+00   0.0000e+00   0.0000e+00   1.0000e+00

Nos_B =

   5.2420e+00
   0.0000e+00
   0.0000e+00
   0.0000e+00
   0.0000e+00
   0.0000e+00
   0.0000e+00
   0.0000e+00
   0.0000e+00
   0.0000e+00
   0.0000e+00
   0.0000e+00

Nos_C =

  -3.3942e-02
   8.0110e+00
   5.2420e+00
   5.0030e+00
   4.4996e+00
   5.0369e+00
   5.7896e+00
  -1.9835e+00
  -2.9741e+00
  -2.4547e-04
   0.0000e+00
   9.8558e-04

Vb =   -3.3942e-02
Vc =    8.0110e+00
V1 =    5.2420e+00
V2 =    5.0030e+00
V3 =    4.4996e+00
V5 =    5.0369e+00
V6 =    5.7896e+00
V7 =   -1.9835e+00
V8 =   -2.9741e+00
Ib =   -2.4547e-04
Ic =    0.0000e+00
Id =    9.8558e-04
Vx =    8.7637e+00
Nos_A_2 =

 Columns 1 through 6:

  -9.8088e-04   1.7919e-03  -4.8768e-04  -3.2333e-04   0.0000e+00   0.0000e+00
   0.0000e+00  -4.8768e-04   4.8768e-04   0.0000e+00   0.0000e+00   0.0000e+00
   0.0000e+00   0.0000e+00   0.0000e+00   0.0000e+00   0.0000e+00   9.9500e-04
   0.0000e+00   0.0000e+00   0.0000e+00   0.0000e+00   1.0000e+00   0.0000e+00
   0.0000e+00  -1.0000e+00   0.0000e+00   1.0000e+00   0.0000e+00   0.0000e+00
   0.0000e+00   0.0000e+00   0.0000e+00  -1.0000e+00   0.0000e+00   0.0000e+00
   0.0000e+00   0.0000e+00   0.0000e+00   0.0000e+00   0.0000e+00   0.0000e+00
   0.0000e+00   0.0000e+00   0.0000e+00   0.0000e+00   0.0000e+00   0.0000e+00
   1.2231e-03  -9.8088e-04   0.0000e+00  -2.4223e-04   0.0000e+00   0.0000e+00
   1.0000e+00   0.0000e+00   0.0000e+00   0.0000e+00   0.0000e+00   0.0000e+00
  -4.9688e-04   0.0000e+00   0.0000e+00   0.0000e+00   0.0000e+00   4.9688e-04

 Columns 7 through 11:

   0.0000e+00   0.0000e+00   0.0000e+00   0.0000e+00   0.0000e+00
   0.0000e+00  -1.0000e+00   0.0000e+00   0.0000e+00   0.0000e+00
  -9.9500e-04   0.0000e+00  -1.0000e+00   0.0000e+00   0.0000e+00
  -1.0000e+00   0.0000e+00   0.0000e+00   0.0000e+00   0.0000e+00
   0.0000e+00   0.0000e+00   0.0000e+00   1.0000e+00   0.0000e+00
   1.0000e+00   0.0000e+00   0.0000e+00   0.0000e+00   1.0000e+00
   0.0000e+00   1.0000e+00   0.0000e+00  -7.2319e-03   0.0000e+00
   0.0000e+00   0.0000e+00  -8.1282e+03   0.0000e+00   1.0000e+00
   0.0000e+00   0.0000e+00   1.0000e+00   0.0000e+00   0.0000e+00
   0.0000e+00   0.0000e+00   0.0000e+00   0.0000e+00   0.0000e+00
   0.0000e+00   0.0000e+00   1.0000e+00   0.0000e+00   0.0000e+00

Nos_B_2 =

   0.0000e+00
   0.0000e+00
   0.0000e+00
   8.7637e+00
   0.0000e+00
   0.0000e+00
   0.0000e+00
   0.0000e+00
   0.0000e+00
   0.0000e+00
   0.0000e+00

Nos_C_2 =

   0.0000e+00
  -0.0000e+00
   0.0000e+00
  -0.0000e+00
   8.7637e+00
   0.0000e+00
  -0.0000e+00
   0.0000e+00
  -0.0000e+00
  -0.0000e+00
  -0.0000e+00

V1_2 =    0.0000e+00
V2_2 =   -0.0000e+00
V3_2 =    0.0000e+00
V5_2 =   -0.0000e+00
V6_2 =    8.7637e+00
V7_2 =    0.0000e+00
V8_2 =   -0.0000e+00
Ib_2 =    0.0000e+00
Id_2 =   -0.0000e+00
Vb_2 =   -0.0000e+00
Vd_2 =   -0.0000e+00
Vx_2 =    8.7637e+00
Ix_2 =    2.8580e-03
Req =    3.0664e+03
tau =    3.1248e-03
Symbolic pkg v2.9.0: Python communication link active, SymPy v1.5.1.
Yc =  0.0000e+00 + 6.4029e-03i
Zc =  0.0000e+00 - 1.5618e+02i
Nos_A_3 =

 Columns 1 and 2:

  -9.8088e-04 + 0.0000e+00i   1.7919e-03 + 0.0000e+00i
   0.0000e+00 + 0.0000e+00i  -7.7195e-03 + 0.0000e+00i
   0.0000e+00 + 0.0000e+00i   7.2319e-03 + 0.0000e+00i
   0.0000e+00 + 0.0000e+00i   0.0000e+00 + 0.0000e+00i
   1.0000e+00 + 0.0000e+00i   0.0000e+00 + 0.0000e+00i
   0.0000e+00 + 0.0000e+00i   0.0000e+00 + 0.0000e+00i
   9.8088e-04 + 0.0000e+00i  -9.8088e-04 + 0.0000e+00i
   0.0000e+00 + 0.0000e+00i   0.0000e+00 + 0.0000e+00i
   0.0000e+00 + 0.0000e+00i   0.0000e+00 + 0.0000e+00i
   0.0000e+00 + 0.0000e+00i  -1.0000e+00 + 0.0000e+00i
   0.0000e+00 + 0.0000e+00i   0.0000e+00 + 0.0000e+00i

 Columns 3 and 4:

  -4.8768e-04 + 0.0000e+00i  -3.2333e-04 + 0.0000e+00i
   4.8768e-04 + 0.0000e+00i   7.2319e-03 + 0.0000e+00i
   0.0000e+00 + 0.0000e+00i  -7.5580e-03 + 0.0000e+00i
   0.0000e+00 + 0.0000e+00i   0.0000e+00 + 0.0000e+00i
   0.0000e+00 + 0.0000e+00i   0.0000e+00 + 0.0000e+00i
   0.0000e+00 + 0.0000e+00i   1.0000e+00 + 0.0000e+00i
   0.0000e+00 + 0.0000e+00i  -2.4223e-04 + 0.0000e+00i
   0.0000e+00 + 0.0000e+00i   0.0000e+00 + 0.0000e+00i
   0.0000e+00 + 0.0000e+00i   0.0000e+00 + 0.0000e+00i
   0.0000e+00 + 0.0000e+00i   1.0000e+00 + 0.0000e+00i
   0.0000e+00 + 0.0000e+00i   0.0000e+00 + 0.0000e+00i

 Columns 5 and 6:

   0.0000e+00 + 0.0000e+00i   0.0000e+00 + 0.0000e+00i
   0.0000e+00 + 0.0000e+00i   0.0000e+00 + 0.0000e+00i
   3.2612e-04 + 6.4029e-03i   0.0000e+00 + 0.0000e+00i
   0.0000e+00 + 0.0000e+00i   1.4919e-03 + 0.0000e+00i
   0.0000e+00 + 0.0000e+00i   0.0000e+00 + 0.0000e+00i
   0.0000e+00 + 0.0000e+00i   4.0388e+00 + 0.0000e+00i
   0.0000e+00 + 0.0000e+00i  -4.9688e-04 + 0.0000e+00i
   0.0000e+00 + 0.0000e+00i   0.0000e+00 + 0.0000e+00i
   0.0000e+00 + 0.0000e+00i   4.9688e-04 + 0.0000e+00i
   0.0000e+00 + 0.0000e+00i   0.0000e+00 + 0.0000e+00i
   0.0000e+00 + 0.0000e+00i   0.0000e+00 + 0.0000e+00i

 Columns 7 and 8:

   0.0000e+00 + 0.0000e+00i   0.0000e+00 + 0.0000e+00i
   0.0000e+00 + 0.0000e+00i   0.0000e+00 + 0.0000e+00i
  -0.0000e+00 - 6.4029e-03i   0.0000e+00 + 0.0000e+00i
  -9.9500e-04 + 0.0000e+00i   0.0000e+00 + 0.0000e+00i
   0.0000e+00 + 0.0000e+00i   0.0000e+00 + 0.0000e+00i
  -1.0000e+00 + 0.0000e+00i   0.0000e+00 + 0.0000e+00i
   0.0000e+00 + 0.0000e+00i   0.0000e+00 + 0.0000e+00i
   0.0000e+00 + 0.0000e+00i   1.0000e+00 + 0.0000e+00i
   0.0000e+00 + 0.0000e+00i   0.0000e+00 + 0.0000e+00i
   0.0000e+00 + 0.0000e+00i   0.0000e+00 + 0.0000e+00i
   0.0000e+00 + 0.0000e+00i   0.0000e+00 + 0.0000e+00i

 Columns 9 and 10:

   0.0000e+00 + 0.0000e+00i   0.0000e+00 + 0.0000e+00i
   0.0000e+00 + 0.0000e+00i   0.0000e+00 + 0.0000e+00i
   0.0000e+00 + 0.0000e+00i   0.0000e+00 + 0.0000e+00i
   0.0000e+00 + 0.0000e+00i   0.0000e+00 + 0.0000e+00i
   0.0000e+00 + 0.0000e+00i   0.0000e+00 + 0.0000e+00i
   0.0000e+00 + 0.0000e+00i   0.0000e+00 + 0.0000e+00i
   0.0000e+00 + 0.0000e+00i   0.0000e+00 + 0.0000e+00i
   0.0000e+00 + 0.0000e+00i  -7.2319e-03 + 0.0000e+00i
   1.0000e+00 + 0.0000e+00i   0.0000e+00 + 0.0000e+00i
   0.0000e+00 + 0.0000e+00i   1.0000e+00 + 0.0000e+00i
  -8.1282e+03 + 0.0000e+00i   0.0000e+00 + 0.0000e+00i

 Column 11:

   0.0000e+00 + 0.0000e+00i
   0.0000e+00 + 0.0000e+00i
   0.0000e+00 + 0.0000e+00i
   0.0000e+00 + 0.0000e+00i
   0.0000e+00 + 0.0000e+00i
   0.0000e+00 + 0.0000e+00i
   0.0000e+00 + 0.0000e+00i
   0.0000e+00 + 0.0000e+00i
   0.0000e+00 + 0.0000e+00i
   0.0000e+00 + 0.0000e+00i
   1.0000e+00 + 0.0000e+00i

Nos_B_3 =

   0.0000e+00
   0.0000e+00
   0.0000e+00
   0.0000e+00
   1.0000e+00
   0.0000e+00
   0.0000e+00
   0.0000e+00
   0.0000e+00
   0.0000e+00
   0.0000e+00

Nos_C_3 =

   1.0000e+00 + 0.0000e+00i
   9.5440e-01 + 0.0000e+00i
   8.5838e-01 + 0.0000e+00i
   9.6087e-01 + 0.0000e+00i
  -5.6302e-01 - 8.4930e-02i
  -3.7839e-01 + 0.0000e+00i
  -5.6735e-01 + 0.0000e+00i
  -4.6826e-05 + 0.0000e+00i
   1.8801e-04 + 0.0000e+00i
  -6.4750e-03 - 0.0000e+00i
   1.5282e+00 + 0.0000e+00i

V1_3 =    1.0000e+00
V2_3 =    9.5440e-01
V3_3 =    8.5838e-01
V5_3 =    9.6087e-01
V6_3 =   -5.6302e-01
V7_3 =   -3.7839e-01
V8_3 =   -5.6735e-01
Ib_3 =   -4.6826e-05
Id_3 =    1.8801e-04
Vb_3 =   -6.4750e-03
Vd_3 =    1.5282e+00
filename = ngspice_circuit_1.txt
file =    2.9000e+01
ans =    0.0000e+00
ans =    0.0000e+00
filename = ngspice_circuit_2.txt
file =    2.9000e+01
ans =    0.0000e+00
ans =    0.0000e+00
filename = ngspice_circuit_3.txt
file =    2.9000e+01
ans =    0.0000e+00
ans =    0.0000e+00
filename = ngspice_circuit_4.txt
file =    2.9000e+01
ans =    0.0000e+00
ans =    0.0000e+00
filename = ngspice_circuit_5.txt
file =    2.9000e+01
ans =    0.0000e+00
ans =    0.0000e+00
