VT =  0.025000
BFN =  178.70
VAFN =  69.700
RE1 =  100
RC1 =  1000
RB1 =  80000
RB2 =  20000
VBEON =  0.70000
VCC =  12
RS =  100
RB =  16000
VEQ =  2.4000
IB1 =  0.000050044
IC1 =  0.0089429
IE1 =  0.0089929
VE1 =  0.89929
VO1 =  3.0571
VCE =  2.1578
gm1 =  0.35772
rpi1 =  499.56
ro1 =  7793.9
AV1 = -4.8542
AV1simple =  9.7281
RE1 = 0
AV1 = -9.5990
AV1simple =  357.72
RE1 =  100
ZI1 =  32258.26804
ZX =  16283.70168
ZO1 =  942.14
BFP =  227.30
VAFP =  37.200
RE2 =  100
VEBON =  0.70000
VI2 =  3.0571
IE2 =  0.082429
IC2 =  0.082068
VO2 =  3.7571
gm2 =  3.2827
go2 =  0.0022061
gpi2 =  0.014442
ge2 =  0.010000
AV2 =  0.99195
ZI2 =  8598.9
ZO2 =  0.30217
cost =  2101.5
lco =  8880.4
bandwidth =  1594861.58200
gain =  78.560
MERIT =  6.7137
